Determining if the pthread_create exist failed with the following output:
Change Dir: /home/arl/Hdt_arms_VT/catkin_ws/build/CMakeFiles/CMakeTmp

Run Build Command:"/usr/bin/make" "cmTC_b043f/fast"
/usr/bin/make -f CMakeFiles/cmTC_b043f.dir/build.make CMakeFiles/cmTC_b043f.dir/build
make[1]: Entering directory '/home/arl/Hdt_arms_VT/catkin_ws/build/CMakeFiles/CMakeTmp'
Building C object CMakeFiles/cmTC_b043f.dir/CheckSymbolExists.c.o
/usr/bin/cc     -o CMakeFiles/cmTC_b043f.dir/CheckSymbolExists.c.o   -c /home/arl/Hdt_arms_VT/catkin_ws/build/CMakeFiles/CMakeTmp/CheckSymbolExists.c
Linking C executable cmTC_b043f
/usr/bin/cmake -E cmake_link_script CMakeFiles/cmTC_b043f.dir/link.txt --verbose=1
/usr/bin/cc       CMakeFiles/cmTC_b043f.dir/CheckSymbolExists.c.o  -o cmTC_b043f -rdynamic 
CMakeFiles/cmTC_b043f.dir/CheckSymbolExists.c.o: In function `main':
CheckSymbolExists.c:(.text+0x16): undefined reference to `pthread_create'
collect2: error: ld returned 1 exit status
CMakeFiles/cmTC_b043f.dir/build.make:97: recipe for target 'cmTC_b043f' failed
make[1]: *** [cmTC_b043f] Error 1
make[1]: Leaving directory '/home/arl/Hdt_arms_VT/catkin_ws/build/CMakeFiles/CMakeTmp'
Makefile:126: recipe for target 'cmTC_b043f/fast' failed
make: *** [cmTC_b043f/fast] Error 2

File /home/arl/Hdt_arms_VT/catkin_ws/build/CMakeFiles/CMakeTmp/CheckSymbolExists.c:
/* */
#include <pthread.h>

int main(int argc, char** argv)
{
  (void)argv;
#ifndef pthread_create
  return ((int*)(&pthread_create))[argc];
#else
  (void)argc;
  return 0;
#endif
}

Determining if the function pthread_create exists in the pthreads failed with the following output:
Change Dir: /home/arl/Hdt_arms_VT/catkin_ws/build/CMakeFiles/CMakeTmp

Run Build Command:"/usr/bin/make" "cmTC_cd544/fast"
/usr/bin/make -f CMakeFiles/cmTC_cd544.dir/build.make CMakeFiles/cmTC_cd544.dir/build
make[1]: Entering directory '/home/arl/Hdt_arms_VT/catkin_ws/build/CMakeFiles/CMakeTmp'
Building C object CMakeFiles/cmTC_cd544.dir/CheckFunctionExists.c.o
/usr/bin/cc    -DCHECK_FUNCTION_EXISTS=pthread_create   -o CMakeFiles/cmTC_cd544.dir/CheckFunctionExists.c.o   -c /usr/share/cmake-3.5/Modules/CheckFunctionExists.c
Linking C executable cmTC_cd544
/usr/bin/cmake -E cmake_link_script CMakeFiles/cmTC_cd544.dir/link.txt --verbose=1
/usr/bin/cc   -DCHECK_FUNCTION_EXISTS=pthread_create    CMakeFiles/cmTC_cd544.dir/CheckFunctionExists.c.o  -o cmTC_cd544 -rdynamic -lpthreads 
/usr/bin/ld: cannot find -lpthreads
collect2: error: ld returned 1 exit status
CMakeFiles/cmTC_cd544.dir/build.make:97: recipe for target 'cmTC_cd544' failed
make[1]: *** [cmTC_cd544] Error 1
make[1]: Leaving directory '/home/arl/Hdt_arms_VT/catkin_ws/build/CMakeFiles/CMakeTmp'
Makefile:126: recipe for target 'cmTC_cd544/fast' failed
make: *** [cmTC_cd544/fast] Error 2


